[2023-08-09 17:14:14] [ INFO ] [EntidadServiceTest:28] Creación de tabla de la entidad
[2023-08-09 17:14:14] [ INFO ] [EntidadDaoH2:42] Entidad guardada: 
Id: 1 - Odontologo: Perez - Pepito - Matricula: 50
[2023-08-09 17:15:50] [ INFO ] [EntidadServiceTest:28] Creación de tabla de la entidad
[2023-08-09 17:15:50] [ INFO ] [EntidadDaoH2:82] Se ha encontrado la entidad null
[2023-08-09 17:39:27] [ INFO ] [EntidadServiceTest:28] Creación de tabla de la entidad
[2023-08-09 17:39:28] [ INFO ] [EntidadDaoH2:81] <buscarPorId> - Sentencia SELECT <<prep0: SELECT * FROM ENTIDADES WHERE ID = ? {1: 1}>>
[2023-08-09 17:39:28] [ INFO ] [EntidadDaoH2:86] <buscarPorId> - Se ha encontrado la entidad null
[2023-08-09 17:44:05] [ INFO ] [EntidadServiceTest:28] Creación de tabla de la entidad
[2023-08-09 17:44:06] [ INFO ] [EntidadDaoH2:81] <buscarPorId> - Sentencia SELECT <<prep0: SELECT * FROM ENTIDADES WHERE ID = ? {1: 1}>>
[2023-08-09 17:44:06] [ INFO ] [EntidadDaoH2:82] <buscarPorId> - null
[2023-08-09 17:44:06] [ INFO ] [EntidadDaoH2:87] <buscarPorId> - Se ha encontrado la entidad null
[2023-08-09 17:46:10] [ INFO ] [EntidadServiceTest:28] Creación de tabla de la entidad
[2023-08-09 17:46:10] [ INFO ] [EntidadDaoH2:81] <buscarPorId> - Sentencia SELECT <<prep0: SELECT * FROM ENTIDADES WHERE ID = ? {1: 1}>>
[2023-08-09 17:46:10] [ INFO ] [EntidadDaoH2:82] <buscarPorId> - rs0: org.h2.result.LocalResult@45385f75 columns: 4 rows: 0 pos: -1
[2023-08-09 17:46:10] [ INFO ] [EntidadDaoH2:87] <buscarPorId> - Se ha encontrado la entidad null
[2023-08-09 17:51:13] [ INFO ] [EntidadServiceTest:28] Creación de tabla de la entidad
[2023-08-09 17:51:13] [ INFO ] [EntidadDaoH2:81] <buscarPorId> - Sentencia SELECT <<prep0: SELECT * FROM ENTIDADES WHERE ID = ? {1: 1}>>
[2023-08-09 17:51:13] [ INFO ] [EntidadDaoH2:88] <buscarPorId> - No se ha encontrado la entidad 1
[2023-08-09 17:54:42] [ INFO ] [EntidadServiceTest:28] Creación de tabla de la entidad
[2023-08-09 17:54:42] [ INFO ] [EntidadDaoH2:42] Entidad guardada: 
Id: 1 - Odontologo: Perez - Pepito - Matricula: 50
[2023-08-09 17:54:43] [ INFO ] [EntidadDaoH2:81] <buscarPorId> - Sentencia SELECT <<prep1: SELECT * FROM ENTIDADES WHERE ID = ? {1: 1}>>
[2023-08-09 17:54:43] [ INFO ] [EntidadDaoH2:91] <buscarPorId> - Se ha encontrado la entidad 
Id: 1 - Odontologo: Perez - Pepito - Matricula: 50
[2023-08-09 17:59:40] [ INFO ] [EntidadServiceTest:28] Creación de tabla de la entidad
[2023-08-09 17:59:40] [ INFO ] [EntidadDaoH2:47] Entidad guardada: 
Id: 1 - Odontologo: Perez - Pepito - Matricula: 50
[2023-08-09 17:59:40] [ INFO ] [EntidadDaoH2:86] 
[2023-08-09 17:59:40] [ INFO ] [EntidadDaoH2:87] <buscarPorId> - Sentencia SELECT <<prep1: SELECT * FROM ENTIDADES WHERE ID = ? {1: 1}>>
[2023-08-09 17:59:40] [ INFO ] [EntidadDaoH2:97] <buscarPorId> - Se ha encontrado la entidad 
Id: 1 - Odontologo: Perez - Pepito - Matricula: 50
[2023-08-09 18:15:56] [ INFO ] [EntidadServiceTest:28] Creación de tabla de la entidad
[2023-08-09 18:15:57] [ INFO ] [EntidadDaoH2:37] Insertados - 1
[2023-08-09 18:15:57] [ INFO ] [EntidadDaoH2:50] Entidad guardada: 
Id: 1 - Odontologo: Perez - Pepito - Matricula: 50
[2023-08-09 18:16:44] [ INFO ] [EntidadServiceTest:28] Creación de tabla de la entidad
[2023-08-09 18:16:44] [ ERROR] [EntidadDaoH2:53] Columna "APELLIDOS" no encontrada
Column "APELLIDOS" not found; SQL statement:
INSERT INTO ENTIDADES (APELLIDOS, NOMBRE, MATRICULA) VALUES (?, ?, ?) [42122-220]
[2023-08-09 18:30:30] [ INFO ] [EntidadServiceTest:28] Creación de tabla de la entidad
[2023-08-09 18:30:30] [ INFO ] [EntidadDaoH2:37] <registrar> - Registros insertados - 1
[2023-08-09 18:30:30] [ INFO ] [EntidadDaoH2:47] <registrar> - Entidad guardada: 
Id: 1 - Odontologo: Perez - Pepito - Matricula: 50
[2023-08-09 18:30:47] [ INFO ] [EntidadServiceTest:28] Creación de tabla de la entidad
[2023-08-09 18:30:48] [ INFO ] [EntidadDaoH2:37] <registrar> - Registros insertados - 1
[2023-08-09 18:30:48] [ INFO ] [EntidadDaoH2:47] <registrar> - Entidad guardada: 
Id: 1 - Odontologo: Perez - Pepito - Matricula: 50
[2023-08-09 18:30:48] [ INFO ] [EntidadDaoH2:85] 
[2023-08-09 18:30:48] [ INFO ] [EntidadDaoH2:86] <buscarPorId> - Sentencia SELECT <<prep1: SELECT * FROM ENTIDADES WHERE ID = ? {1: 1}>>
[2023-08-09 18:30:48] [ INFO ] [EntidadDaoH2:96] <buscarPorId> - Se ha encontrado la entidad 
Id: 1 - Odontologo: Perez - Pepito - Matricula: 50
[2023-08-09 18:31:43] [ INFO ] [EntidadServiceTest:28] Creación de tabla de la entidad
[2023-08-09 18:31:43] [ INFO ] [EntidadDaoH2:85] <buscarPorId> - Sentencia SELECT <<prep0: SELECT * FROM ENTIDADES WHERE ID = ? {1: 1}>>
[2023-08-09 18:31:43] [ INFO ] [EntidadDaoH2:92] <buscarPorId> - No se ha encontrado la entidad 1
[2023-08-09 18:33:43] [ INFO ] [EntidadServiceTest:28] Creación de tabla de la entidad
[2023-08-09 18:33:43] [ INFO ] [EntidadDaoH2:37] <registrar> - Registros insertados - 1
[2023-08-09 18:33:43] [ INFO ] [EntidadDaoH2:47] <registrar> - Entidad guardada: 
Id: 1 - Odontologo: Perez - Pepito - Matricula: 50
[2023-08-09 18:33:43] [ INFO ] [EntidadDaoH2:37] <registrar> - Registros insertados - 1
[2023-08-09 18:33:43] [ INFO ] [EntidadDaoH2:47] <registrar> - Entidad guardada: 
Id: 2 - Odontologo: Ramirez - Jacinto - Matricula: 25
[2023-08-09 18:33:43] [ INFO ] [EntidadDaoH2:85] <buscarPorId> - Sentencia SELECT <<prep2: SELECT * FROM ENTIDADES WHERE ID = ? {1: 1}>>
[2023-08-09 18:33:43] [ INFO ] [EntidadDaoH2:95] <buscarPorId> - Se ha encontrado la entidad 
Id: 1 - Odontologo: Perez - Pepito - Matricula: 50
[2023-08-09 18:34:30] [ INFO ] [EntidadServiceTest:28] Creación de tabla de la entidad
[2023-08-09 18:34:30] [ INFO ] [EntidadDaoH2:37] <registrar> - Registros insertados - 1
[2023-08-09 18:34:30] [ INFO ] [EntidadDaoH2:47] <registrar> - Entidad guardada: 
Id: 1 - Entidad: Perez - Pepito - Matricula: 50
[2023-08-09 18:34:30] [ INFO ] [EntidadDaoH2:37] <registrar> - Registros insertados - 1
[2023-08-09 18:34:30] [ INFO ] [EntidadDaoH2:47] <registrar> - Entidad guardada: 
Id: 2 - Entidad: Ramirez - Jacinto - Matricula: 25
[2023-08-09 18:34:30] [ INFO ] [EntidadDaoH2:85] <buscarPorId> - Sentencia SELECT <<prep2: SELECT * FROM ENTIDADES WHERE ID = ? {1: 1}>>
[2023-08-09 18:34:30] [ INFO ] [EntidadDaoH2:95] <buscarPorId> - Se ha encontrado la entidad 
Id: 1 - Entidad: Perez - Pepito - Matricula: 50
[2023-08-09 18:37:34] [ INFO ] [EntidadServiceTest:28] Creación de tabla de la entidad
[2023-08-09 18:37:35] [ INFO ] [EntidadDaoH2:37] <registrar> - Registros insertados - 1
[2023-08-09 18:37:35] [ INFO ] [EntidadDaoH2:47] <registrar> - Entidad guardada: 
Id: 1 - Entidad: Perez - Pepito - Matricula: 50
[2023-08-09 18:37:35] [ INFO ] [EntidadDaoH2:37] <registrar> - Registros insertados - 1
[2023-08-09 18:37:35] [ INFO ] [EntidadDaoH2:47] <registrar> - Entidad guardada: 
Id: 2 - Entidad: Ramirez - Jacinto - Matricula: 25
[2023-08-09 18:37:35] [ INFO ] [EntidadDaoH2:123] <listarTodos> - Listado de todos las entidades: [
Id: 1 - Entidad: Perez - Pepito - Matricula: 50, 
Id: 2 - Entidad: Ramirez - Jacinto - Matricula: 25]
[2023-08-09 18:40:17] [ INFO ] [EntidadServiceTest:28] Creación de tabla de la entidad
[2023-08-09 18:40:17] [ INFO ] [EntidadServiceTest:78] --------------------------------------------------
[2023-08-09 18:40:17] [ INFO ] [EntidadServiceTest:79]        Test: deberiaHaberUnaListaNoVacia          
[2023-08-09 18:40:17] [ INFO ] [EntidadDaoH2:37] <registrar> - Registros insertados - 1
[2023-08-09 18:40:17] [ INFO ] [EntidadDaoH2:47] <registrar> - Entidad guardada: 
Id: 1 - Entidad: Perez - Pepito - Matricula: 50
[2023-08-09 18:40:17] [ INFO ] [EntidadDaoH2:37] <registrar> - Registros insertados - 1
[2023-08-09 18:40:17] [ INFO ] [EntidadDaoH2:47] <registrar> - Entidad guardada: 
Id: 2 - Entidad: Ramirez - Jacinto - Matricula: 25
[2023-08-09 18:40:17] [ INFO ] [EntidadDaoH2:123] <listarTodos> - Listado de todos las entidades: [
Id: 1 - Entidad: Perez - Pepito - Matricula: 50, 
Id: 2 - Entidad: Ramirez - Jacinto - Matricula: 25]
[2023-08-09 18:40:17] [ INFO ] [EntidadServiceTest:89] --------------------------------------------------
[2023-08-09 18:41:41] [ INFO ] [EntidadServiceTest:28] Creación de tabla de la entidad
[2023-08-09 18:41:42] [ INFO ] [EntidadServiceTest:53] --------------------------------------------------
[2023-08-09 18:41:42] [ INFO ] [EntidadServiceTest:54]            Test: deberiaAgregarUnEntidad          
[2023-08-09 18:41:42] [ INFO ] [EntidadServiceTest:55] --------------------------------------------------
[2023-08-09 18:41:42] [ INFO ] [EntidadDaoH2:37] <registrar> - Registros insertados - 1
[2023-08-09 18:41:42] [ INFO ] [EntidadDaoH2:47] <registrar> - Entidad guardada: 
Id: 1 - Entidad: Perez - Pepito - Matricula: 50
[2023-08-09 18:41:42] [ INFO ] [EntidadServiceTest:60] -----------------Fin Test-------------------------
